<?xml version="1.0" encoding="UTF-8" ?>
<testsuites>
  <testsuite errors="0" failures="0" hostname="DELL-N4010" id="0" name="GameControllerTests" package="tictactoe" tests="3" time="0.73" timestamp="2013-08-07T02:18:26">
      <properties />

      <testcase classname="tictactoe.GameControllerTests" name="testStartGame" time="0.699" />

      <testcase classname="tictactoe.GameControllerTests" name="testStopGame" time="0.0070" />

      <testcase classname="tictactoe.GameControllerTests" name="testUserStartAndThenStopGame" time="0.0050" />

      <system-out><![CDATA[--Output from testStartGame--
--Output from testStopGame--
--Output from testUserStartAndThenStopGame--
]]></system-out>

      <system-err><![CDATA[--Output from testStartGame--
--Output from testStopGame--
--Output from testUserStartAndThenStopGame--
]]></system-err>

  </testsuite>
</testsuites>
