Testsuite: tictactoe.TicTacToeRunnerTests
Tests run: 3, Failures: 2, Errors: 0, Time elapsed: 2.107 sec
------------- Standard Output ---------------
--Output from testPlayerStartAGameAndThenStop--
--Output from testPlayerStartAGameAndMovesThenStop--
BOARD IS tictactoe.Board : null
game finished
--Output from testPlayerStartAGameAndPlayUntilHeWin--
BOARD IS tictactoe.Board : null
game finished
------------- ---------------- ---------------
------------- Standard Error -----------------
--Output from testPlayerStartAGameAndThenStop--
--Output from testPlayerStartAGameAndMovesThenStop--
--Output from testPlayerStartAGameAndPlayUntilHeWin--
------------- ---------------- ---------------

Testcase: testPlayerStartAGameAndThenStop took 1.431 sec
Testcase: testPlayerStartAGameAndMovesThenStop took 0.349 sec
	FAILED
java.lang.AssertionError: 
junit.framework.AssertionFailedError: java.lang.AssertionError: 
	at tictactoe.TicTacToeRunnerTests.playerHasMovedTo(TicTacToeRunnerTests.groovy:53)
	at tictactoe.TicTacToeRunnerTests$playerHasMovedTo.callCurrent(Unknown Source)
	at tictactoe.TicTacToeRunnerTests.testPlayerStartAGameAndMovesThenStop(TicTacToeRunnerTests.groovy:76)

Testcase: testPlayerStartAGameAndPlayUntilHeWin took 0.216 sec
	FAILED
java.lang.AssertionError: 
junit.framework.AssertionFailedError: java.lang.AssertionError: 
	at tictactoe.TicTacToeRunnerTests.playerHasMovedTo(TicTacToeRunnerTests.groovy:53)
	at tictactoe.TicTacToeRunnerTests$playerHasMovedTo.callCurrent(Unknown Source)
	at tictactoe.TicTacToeRunnerTests.testPlayerStartAGameAndPlayUntilHeWin(TicTacToeRunnerTests.groovy:93)

